09/29/2019 12:11:51 PM: DEBUG - tokenizer_func: <bound method Tokenizer.run of re.compile('(?<=\\?).|(?<=\\!).|(?<=\\？).|(?<=\\！).|(?<!\\.[a-z])\\. |(?<!\\.[a-z])\\, |(?<!\\d)\\:|\\，|\\،|\\…|\\：|\\—|\\。|\\‥|\\)|\\、|\\¡|\\¿|\\\n|\\;|\\]|\\(|\\[', re.IGNORECASE) from: [<function tone_marks at 0x7f26d3d47730>, <function period_comma at 0x7f26d3d477b8>, <function colon at 0x7f26d3d47840>, <function other_punctuation at 0x7f26d3d478c8>]>
09/29/2019 12:11:51 PM: DEBUG - pre_processor_funcs: [<function tone_marks at 0x7f26d4686d08>, <function end_of_line at 0x7f26d3d47510>, <function abbreviations at 0x7f26d3d47598>, <function word_sub at 0x7f26d3d47620>]
09/29/2019 12:11:51 PM: DEBUG - lang_check: True
09/29/2019 12:11:51 PM: DEBUG - slow: False
09/29/2019 12:11:51 PM: DEBUG - lang: en-us
09/29/2019 12:11:51 PM: DEBUG - text: dummy
09/29/2019 12:11:51 PM: DEBUG - Starting new HTTPS connection (1): translate.google.com:443
09/29/2019 12:11:51 PM: DEBUG - https://translate.google.com:443 "GET / HTTP/1.1" 200 None
09/29/2019 12:11:51 PM: DEBUG - Starting new HTTPS connection (1): translate.google.com:443
09/29/2019 12:11:52 PM: DEBUG - https://translate.google.com:443 "GET //translate/releases/twsfe_w_20190923_RC05/r/js/translate_m.js HTTP/1.1" 200 555734
09/29/2019 12:11:52 PM: DEBUG - langs: {'af': 'Afrikaans', 'sq': 'Albanian', 'ar': 'Arabic', 'hy': 'Armenian', 'bn': 'Bengali', 'bs': 'Bosnian', 'ca': 'Catalan', 'hr': 'Croatian', 'cs': 'Czech', 'da': 'Danish', 'nl': 'Dutch', 'en': 'English', 'eo': 'Esperanto', 'et': 'Estonian', 'tl': 'Filipino', 'fi': 'Finnish', 'fr': 'French', 'de': 'German', 'el': 'Greek', 'gu': 'Gujarati', 'hi': 'Hindi', 'hu': 'Hungarian', 'is': 'Icelandic', 'id': 'Indonesian', 'it': 'Italian', 'ja': 'Japanese', 'jw': 'Javanese', 'kn': 'Kannada', 'km': 'Khmer', 'ko': 'Korean', 'la': 'Latin', 'lv': 'Latvian', 'mk': 'Macedonian', 'ml': 'Malayalam', 'mr': 'Marathi', 'my': 'Myanmar (Burmese)', 'ne': 'Nepali', 'no': 'Norwegian', 'pl': 'Polish', 'pt': 'Portuguese', 'ro': 'Romanian', 'ru': 'Russian', 'sr': 'Serbian', 'si': 'Sinhala', 'sk': 'Slovak', 'es': 'Spanish', 'su': 'Sundanese', 'sw': 'Swahili', 'sv': 'Swedish', 'ta': 'Tamil', 'te': 'Telugu', 'th': 'Thai', 'tr': 'Turkish', 'uk': 'Ukrainian', 'ur': 'Urdu', 'vi': 'Vietnamese', 'cy': 'Welsh', 'zh-cn': 'Chinese (Mandarin/China)', 'zh-tw': 'Chinese (Mandarin/Taiwan)', 'en-us': 'English (US)', 'en-ca': 'English (Canada)', 'en-uk': 'English (UK)', 'en-gb': 'English (UK)', 'en-au': 'English (Australia)', 'en-gh': 'English (Ghana)', 'en-in': 'English (India)', 'en-ie': 'English (Ireland)', 'en-nz': 'English (New Zealand)', 'en-ng': 'English (Nigeria)', 'en-ph': 'English (Philippines)', 'en-za': 'English (South Africa)', 'en-tz': 'English (Tanzania)', 'fr-ca': 'French (Canada)', 'fr-fr': 'French (France)', 'pt-br': 'Portuguese (Brazil)', 'pt-pt': 'Portuguese (Portugal)', 'es-es': 'Spanish (Spain)', 'es-us': 'Spanish (United States)'}
09/29/2019 12:11:52 PM: DEBUG - Text processor _language = en.
09/29/2019 12:11:52 PM: DEBUG - Setting wikipedia _language: en
09/29/2019 12:11:52 PM: INFO - using lxml
09/29/2019 12:11:52 PM: DEBUG - Command resolver _language = en.
09/29/2019 12:11:52 PM: DEBUG - Populating service command methods....
09/29/2019 12:11:52 PM: DEBUG - Next command's id = 6dae42df-6029-4e47-8e5a-c435341e1108
09/29/2019 12:11:52 PM: DEBUG - Command for execution = {'command_id': '536007cb-67ff-492c-8c65-01995ef195c9', 'service': None, 'method': None, 'has_args': False, 'arg_name': None, 'arg_type': None, 'need_input': False, 'process_input_text': False, 'input_processing_method': None, 'tag': 'initial', 'setup_command': True, 'is_ready': True, 'previous_command_id': None, 'next_command_id': '6dae42df-6029-4e47-8e5a-c435341e1108', 'messages': {'success': {'en': "Hi, I'm Lindo voice assistant. Choose operating language. Default option is English(USA)!", 'sr': 'Здраво, ја сам Линдо гласовни асистент. Изаберите оперативни језик. Подразумевани језик је енглески (САД)!'}, 'fail': {'en': "I'm sorry, but some internal error occurred that cannot be handled at the moment. Try again or later if error happens again!", 'sr': 'Nаžalost, došlo je do neke greške koju ne mogu trenutno da rešim. Probaj ponovo ili kasnije ukoliko to ne prođe!'}}, 'descriptions': {'en': 'Initial command.', 'sr': 'Incijalna komanda.'}}
09/29/2019 12:11:52 PM: DEBUG - pre-processing: <function tone_marks at 0x7f26d4686d08>
09/29/2019 12:11:52 PM: DEBUG - pre-processing: <function end_of_line at 0x7f26d3d47510>
09/29/2019 12:11:52 PM: DEBUG - pre-processing: <function abbreviations at 0x7f26d3d47598>
09/29/2019 12:11:52 PM: DEBUG - pre-processing: <function word_sub at 0x7f26d3d47620>
09/29/2019 12:11:52 PM: DEBUG - text_parts: 1
09/29/2019 12:11:52 PM: DEBUG - Starting new HTTPS connection (1): translate.google.com:443
09/29/2019 12:11:52 PM: DEBUG - https://translate.google.com:443 "GET / HTTP/1.1" 200 None
09/29/2019 12:11:52 PM: DEBUG - payload-0: {'ie': 'UTF-8', 'q': "Hi, I'm Lindo voice assistant. Choose operating language. Default option is English(USA)!", 'tl': 'en-us', 'ttsspeed': 1, 'total': 1, 'idx': 0, 'client': 'tw-ob', 'textlen': 89, 'tk': '513922.94408'}
09/29/2019 12:11:52 PM: DEBUG - Starting new HTTPS connection (1): translate.google.com:443
09/29/2019 12:11:53 PM: DEBUG - https://translate.google.com:443 "GET /translate_tts?ie=UTF-8&q=Hi%2C+I%27m+Lindo+voice+assistant.+Choose+operating+language.+Default+option+is+English%28USA%29%21&tl=en-us&ttsspeed=1&total=1&idx=0&client=tw-ob&textlen=89&tk=513922.94408 HTTP/1.1" 200 29760
09/29/2019 12:11:53 PM: DEBUG - headers-0: {'User-Agent': 'Mozilla/5.0 (Windows NT 10.0; WOW64) AppleWebKit/537.36 (KHTML, like Gecko) Chrome/47.0.2526.106 Safari/537.36', 'Accept-Encoding': 'gzip, deflate', 'Accept': '*/*', 'Connection': 'keep-alive', 'Referer': 'http://translate.google.com/'}
09/29/2019 12:11:53 PM: DEBUG - url-0: https://translate.google.com/translate_tts?ie=UTF-8&q=Hi%2C+I%27m+Lindo+voice+assistant.+Choose+operating+language.+Default+option+is+English%28USA%29%21&tl=en-us&ttsspeed=1&total=1&idx=0&client=tw-ob&textlen=89&tk=513922.94408
09/29/2019 12:11:53 PM: DEBUG - status-0: 200
09/29/2019 12:11:53 PM: DEBUG - part-0 written to <_io.BufferedWriter name='data/audio/1569751912.5363917.mp3'>
09/29/2019 12:11:53 PM: DEBUG - Saved to data/audio/1569751912.5363917.mp3
09/29/2019 12:12:00 PM: INFO - Ready for command...
09/29/2019 12:12:16 PM: DEBUG - Audio data = <speech_recognition.AudioData object at 0x7f26ca0fefd0>
09/29/2019 12:12:19 PM: DEBUG - Speech recognition result = ActionResult = [result = English, status = 1, _language = None].
09/29/2019 12:12:19 PM: DEBUG - Text to be processed = english
09/29/2019 12:12:19 PM: DEBUG - Text without special chars = english
09/29/2019 12:12:19 PM: DEBUG - Text without target words = ['english']
09/29/2019 12:12:19 PM: DEBUG - Next command's id = None
09/29/2019 12:12:19 PM: DEBUG - Command for execution = {'command_id': '6dae42df-6029-4e47-8e5a-c435341e1108', 'service': None, 'method': 'set_language', 'has_args': True, 'arg_name': 'language_str', 'arg_type': 'str', 'need_input': False, 'process_input_text': False, 'input_processing_method': None, 'tag': None, 'setup_command': True, 'is_ready': True, 'previous_command_id': None, 'next_command_id': None, 'messages': {'success': {'en': 'Language is set successfully.', 'sr': 'Jезик је успешно постављен.'}, 'fail': {'en': 'I have some problems with language setting. Be kind to try again, speak clear and loud.', 'sr': 'Imam problema sa postavkom jezika. Budi ljubazan da probaš opet, govori jasno i glasno.'}}, 'descriptions': {'en': 'Set operating language of voice assistant.', 'sr': 'Поставља оперативни језик гласовног асистента.'}, 'arg': 'english'}
09/29/2019 12:12:19 PM: DEBUG - Operating _language = en.
09/29/2019 12:12:19 PM: DEBUG - Setting wikipedia _language: en
09/29/2019 12:12:19 PM: DEBUG - Setting owm _language: en
09/29/2019 12:12:19 PM: DEBUG - Command resolver _language = en.
09/29/2019 12:12:19 PM: DEBUG - Text processor _language = en.
09/29/2019 12:12:19 PM: DEBUG - Message prefix = Language is set successfully.
09/29/2019 12:12:19 PM: DEBUG - pre-processing: <function tone_marks at 0x7f26d4686d08>
09/29/2019 12:12:19 PM: DEBUG - pre-processing: <function end_of_line at 0x7f26d3d47510>
09/29/2019 12:12:19 PM: DEBUG - pre-processing: <function abbreviations at 0x7f26d3d47598>
09/29/2019 12:12:19 PM: DEBUG - pre-processing: <function word_sub at 0x7f26d3d47620>
09/29/2019 12:12:19 PM: DEBUG - text_parts: 1
09/29/2019 12:12:19 PM: DEBUG - payload-0: {'ie': 'UTF-8', 'q': 'Language is set successfully.', 'tl': 'en', 'ttsspeed': 1, 'total': 1, 'idx': 0, 'client': 'tw-ob', 'textlen': 29, 'tk': '593579.1026529'}
09/29/2019 12:12:19 PM: DEBUG - Starting new HTTPS connection (1): translate.google.com:443
09/29/2019 12:12:19 PM: DEBUG - https://translate.google.com:443 "GET /translate_tts?ie=UTF-8&q=Language+is+set+successfully.&tl=en&ttsspeed=1&total=1&idx=0&client=tw-ob&textlen=29&tk=593579.1026529 HTTP/1.1" 200 8928
09/29/2019 12:12:19 PM: DEBUG - headers-0: {'User-Agent': 'Mozilla/5.0 (Windows NT 10.0; WOW64) AppleWebKit/537.36 (KHTML, like Gecko) Chrome/47.0.2526.106 Safari/537.36', 'Accept-Encoding': 'gzip, deflate', 'Accept': '*/*', 'Connection': 'keep-alive', 'Referer': 'http://translate.google.com/'}
09/29/2019 12:12:19 PM: DEBUG - url-0: https://translate.google.com/translate_tts?ie=UTF-8&q=Language+is+set+successfully.&tl=en&ttsspeed=1&total=1&idx=0&client=tw-ob&textlen=29&tk=593579.1026529
09/29/2019 12:12:19 PM: DEBUG - status-0: 200
09/29/2019 12:12:19 PM: DEBUG - part-0 written to <_io.BufferedWriter name='data/audio/1569751939.4772897.mp3'>
09/29/2019 12:12:19 PM: DEBUG - Saved to data/audio/1569751939.4772897.mp3
09/29/2019 12:12:22 PM: DEBUG - Output message = 
09/29/2019 12:12:22 PM: INFO - Ready for command...
09/29/2019 12:12:27 PM: DEBUG - Audio data = <speech_recognition.AudioData object at 0x7f26ca0fefd0>
09/29/2019 12:12:28 PM: DEBUG - Speech recognition result = ActionResult = [result = Linda you're free to go, status = 1, _language = None].
09/29/2019 12:12:28 PM: DEBUG - Text to be processed = linda you're free to go
09/29/2019 12:12:28 PM: DEBUG - Text without special chars = linda youre free to go
09/29/2019 12:12:28 PM: DEBUG - Text without target words = ['linda', 'youre', 'free', 'go']
09/29/2019 12:12:28 PM: DEBUG - Calculating commands scores...
09/29/2019 12:12:28 PM: DEBUG - Next command's id = None
09/29/2019 12:12:28 PM: DEBUG - Command for execution = {'command_id': '86735906-5a6b-42fd-9ee0-d8f93b1b8ed9', 'service': None, 'method': 'finalize', 'has_args': False, 'arg_name': None, 'arg_type': None, 'need_input': False, 'process_input_text': False, 'input_processing_method': None, 'tag': 'final', 'setup_command': True, 'is_ready': True, 'previous_command_id': None, 'next_command_id': None, 'messages': {'success': {'en': "Ok, I'm going off now. I hope so you enjoyed. See ya next time.!", 'sr': 'U redu, ja se povlačim sada. Nadam se da si uživao. Do narednog viđenja!'}, 'fail': {'en': "I'm sorry, but some internal error occurred that cannot be handled at the moment. Try again or later if error happens again!", 'sr': 'Nаžalost, došlo je do neke greške koju ne mogu trenutno da rešim. Probaj ponovo ili kasnije ukoliko to ne prođe!'}}, 'descriptions': {'en': 'Final command.', 'sr': 'Finalna komanda.'}}
09/29/2019 12:12:29 PM: DEBUG - pre-processing: <function tone_marks at 0x7f26d4686d08>
09/29/2019 12:12:29 PM: DEBUG - pre-processing: <function end_of_line at 0x7f26d3d47510>
09/29/2019 12:12:29 PM: DEBUG - pre-processing: <function abbreviations at 0x7f26d3d47598>
09/29/2019 12:12:29 PM: DEBUG - pre-processing: <function word_sub at 0x7f26d3d47620>
09/29/2019 12:12:29 PM: DEBUG - text_parts: 1
09/29/2019 12:12:29 PM: DEBUG - payload-0: {'ie': 'UTF-8', 'q': "Ok, I'm going off now. I hope so you enjoyed. See ya next time.!", 'tl': 'en', 'ttsspeed': 1, 'total': 1, 'idx': 0, 'client': 'tw-ob', 'textlen': 64, 'tk': '459234.108200'}
09/29/2019 12:12:29 PM: DEBUG - Starting new HTTPS connection (1): translate.google.com:443
09/29/2019 12:12:29 PM: DEBUG - https://translate.google.com:443 "GET /translate_tts?ie=UTF-8&q=Ok%2C+I%27m+going+off+now.+I+hope+so+you+enjoyed.+See+ya+next+time.%21&tl=en&ttsspeed=1&total=1&idx=0&client=tw-ob&textlen=64&tk=459234.108200 HTTP/1.1" 200 24768
09/29/2019 12:12:29 PM: DEBUG - headers-0: {'User-Agent': 'Mozilla/5.0 (Windows NT 10.0; WOW64) AppleWebKit/537.36 (KHTML, like Gecko) Chrome/47.0.2526.106 Safari/537.36', 'Accept-Encoding': 'gzip, deflate', 'Accept': '*/*', 'Connection': 'keep-alive', 'Referer': 'http://translate.google.com/'}
09/29/2019 12:12:29 PM: DEBUG - url-0: https://translate.google.com/translate_tts?ie=UTF-8&q=Ok%2C+I%27m+going+off+now.+I+hope+so+you+enjoyed.+See+ya+next+time.%21&tl=en&ttsspeed=1&total=1&idx=0&client=tw-ob&textlen=64&tk=459234.108200
09/29/2019 12:12:29 PM: DEBUG - status-0: 200
09/29/2019 12:12:29 PM: DEBUG - part-0 written to <_io.BufferedWriter name='data/audio/1569751949.0001218.mp3'>
09/29/2019 12:12:29 PM: DEBUG - Saved to data/audio/1569751949.0001218.mp3
09/29/2019 12:13:08 PM: DEBUG - tokenizer_func: <bound method Tokenizer.run of re.compile('(?<=\\?).|(?<=\\!).|(?<=\\？).|(?<=\\！).|(?<!\\.[a-z])\\. |(?<!\\.[a-z])\\, |(?<!\\d)\\:|\\\n|\\、|\\，|\\。|\\¿|\\)|\\(|\\;|\\—|\\،|\\¡|\\]|\\‥|\\：|\\…|\\[', re.IGNORECASE) from: [<function tone_marks at 0x7f913c6d9730>, <function period_comma at 0x7f913c6d97b8>, <function colon at 0x7f913c6d9840>, <function other_punctuation at 0x7f913c6d98c8>]>
09/29/2019 12:13:08 PM: DEBUG - pre_processor_funcs: [<function tone_marks at 0x7f913c6bfd08>, <function end_of_line at 0x7f913c6d9510>, <function abbreviations at 0x7f913c6d9598>, <function word_sub at 0x7f913c6d9620>]
09/29/2019 12:13:08 PM: DEBUG - lang_check: True
09/29/2019 12:13:08 PM: DEBUG - slow: False
09/29/2019 12:13:08 PM: DEBUG - lang: en-us
09/29/2019 12:13:08 PM: DEBUG - text: dummy
09/29/2019 12:13:08 PM: DEBUG - Starting new HTTPS connection (1): translate.google.com:443
09/29/2019 12:13:09 PM: DEBUG - https://translate.google.com:443 "GET / HTTP/1.1" 200 None
09/29/2019 12:13:09 PM: DEBUG - Starting new HTTPS connection (1): translate.google.com:443
09/29/2019 12:13:09 PM: DEBUG - https://translate.google.com:443 "GET //translate/releases/twsfe_w_20190923_RC05/r/js/translate_m.js HTTP/1.1" 200 555734
09/29/2019 12:13:09 PM: DEBUG - langs: {'af': 'Afrikaans', 'sq': 'Albanian', 'ar': 'Arabic', 'hy': 'Armenian', 'bn': 'Bengali', 'bs': 'Bosnian', 'ca': 'Catalan', 'hr': 'Croatian', 'cs': 'Czech', 'da': 'Danish', 'nl': 'Dutch', 'en': 'English', 'eo': 'Esperanto', 'et': 'Estonian', 'tl': 'Filipino', 'fi': 'Finnish', 'fr': 'French', 'de': 'German', 'el': 'Greek', 'gu': 'Gujarati', 'hi': 'Hindi', 'hu': 'Hungarian', 'is': 'Icelandic', 'id': 'Indonesian', 'it': 'Italian', 'ja': 'Japanese', 'jw': 'Javanese', 'kn': 'Kannada', 'km': 'Khmer', 'ko': 'Korean', 'la': 'Latin', 'lv': 'Latvian', 'mk': 'Macedonian', 'ml': 'Malayalam', 'mr': 'Marathi', 'my': 'Myanmar (Burmese)', 'ne': 'Nepali', 'no': 'Norwegian', 'pl': 'Polish', 'pt': 'Portuguese', 'ro': 'Romanian', 'ru': 'Russian', 'sr': 'Serbian', 'si': 'Sinhala', 'sk': 'Slovak', 'es': 'Spanish', 'su': 'Sundanese', 'sw': 'Swahili', 'sv': 'Swedish', 'ta': 'Tamil', 'te': 'Telugu', 'th': 'Thai', 'tr': 'Turkish', 'uk': 'Ukrainian', 'ur': 'Urdu', 'vi': 'Vietnamese', 'cy': 'Welsh', 'zh-cn': 'Chinese (Mandarin/China)', 'zh-tw': 'Chinese (Mandarin/Taiwan)', 'en-us': 'English (US)', 'en-ca': 'English (Canada)', 'en-uk': 'English (UK)', 'en-gb': 'English (UK)', 'en-au': 'English (Australia)', 'en-gh': 'English (Ghana)', 'en-in': 'English (India)', 'en-ie': 'English (Ireland)', 'en-nz': 'English (New Zealand)', 'en-ng': 'English (Nigeria)', 'en-ph': 'English (Philippines)', 'en-za': 'English (South Africa)', 'en-tz': 'English (Tanzania)', 'fr-ca': 'French (Canada)', 'fr-fr': 'French (France)', 'pt-br': 'Portuguese (Brazil)', 'pt-pt': 'Portuguese (Portugal)', 'es-es': 'Spanish (Spain)', 'es-us': 'Spanish (United States)'}
09/29/2019 12:13:09 PM: DEBUG - Text processor _language = en.
09/29/2019 12:13:09 PM: DEBUG - Setting wikipedia _language: en
09/29/2019 12:13:09 PM: INFO - using lxml
09/29/2019 12:13:09 PM: DEBUG - Command resolver _language = en.
09/29/2019 12:13:09 PM: DEBUG - Populating service command methods....
09/29/2019 12:13:09 PM: DEBUG - Next command's id = 6dae42df-6029-4e47-8e5a-c435341e1108
09/29/2019 12:13:09 PM: DEBUG - Command for execution = {'command_id': '536007cb-67ff-492c-8c65-01995ef195c9', 'service': None, 'method': None, 'has_args': False, 'arg_name': None, 'arg_type': None, 'need_input': False, 'process_input_text': False, 'input_processing_method': None, 'tag': 'initial', 'setup_command': True, 'is_ready': True, 'previous_command_id': None, 'next_command_id': '6dae42df-6029-4e47-8e5a-c435341e1108', 'messages': {'success': {'en': "Hi, I'm Lindo voice assistant. Choose operating language. Default option is English(USA)!", 'sr': 'Здраво, ја сам Линдо гласовни асистент. Изаберите оперативни језик. Подразумевани језик је енглески (САД)!'}, 'fail': {'en': "I'm sorry, but some internal error occurred that cannot be handled at the moment. Try again or later if error happens again!", 'sr': 'Nаžalost, došlo je do neke greške koju ne mogu trenutno da rešim. Probaj ponovo ili kasnije ukoliko to ne prođe!'}}, 'descriptions': {'en': 'Initial command.', 'sr': 'Incijalna komanda.'}}
09/29/2019 12:13:09 PM: DEBUG - pre-processing: <function tone_marks at 0x7f913c6bfd08>
09/29/2019 12:13:09 PM: DEBUG - pre-processing: <function end_of_line at 0x7f913c6d9510>
09/29/2019 12:13:09 PM: DEBUG - pre-processing: <function abbreviations at 0x7f913c6d9598>
09/29/2019 12:13:09 PM: DEBUG - pre-processing: <function word_sub at 0x7f913c6d9620>
09/29/2019 12:13:09 PM: DEBUG - text_parts: 1
09/29/2019 12:13:09 PM: DEBUG - Starting new HTTPS connection (1): translate.google.com:443
09/29/2019 12:13:10 PM: DEBUG - https://translate.google.com:443 "GET / HTTP/1.1" 200 None
09/29/2019 12:13:10 PM: DEBUG - payload-0: {'ie': 'UTF-8', 'q': "Hi, I'm Lindo voice assistant. Choose operating language. Default option is English(USA)!", 'tl': 'en-us', 'ttsspeed': 1, 'total': 1, 'idx': 0, 'client': 'tw-ob', 'textlen': 89, 'tk': '513922.94408'}
09/29/2019 12:13:10 PM: DEBUG - Starting new HTTPS connection (1): translate.google.com:443
09/29/2019 12:13:10 PM: DEBUG - https://translate.google.com:443 "GET /translate_tts?ie=UTF-8&q=Hi%2C+I%27m+Lindo+voice+assistant.+Choose+operating+language.+Default+option+is+English%28USA%29%21&tl=en-us&ttsspeed=1&total=1&idx=0&client=tw-ob&textlen=89&tk=513922.94408 HTTP/1.1" 200 29760
09/29/2019 12:13:10 PM: DEBUG - headers-0: {'User-Agent': 'Mozilla/5.0 (Windows NT 10.0; WOW64) AppleWebKit/537.36 (KHTML, like Gecko) Chrome/47.0.2526.106 Safari/537.36', 'Accept-Encoding': 'gzip, deflate', 'Accept': '*/*', 'Connection': 'keep-alive', 'Referer': 'http://translate.google.com/'}
09/29/2019 12:13:10 PM: DEBUG - url-0: https://translate.google.com/translate_tts?ie=UTF-8&q=Hi%2C+I%27m+Lindo+voice+assistant.+Choose+operating+language.+Default+option+is+English%28USA%29%21&tl=en-us&ttsspeed=1&total=1&idx=0&client=tw-ob&textlen=89&tk=513922.94408
09/29/2019 12:13:10 PM: DEBUG - status-0: 200
09/29/2019 12:13:10 PM: DEBUG - part-0 written to <_io.BufferedWriter name='data/audio/1569751989.8796577.mp3'>
09/29/2019 12:13:10 PM: DEBUG - Saved to data/audio/1569751989.8796577.mp3
09/29/2019 12:13:17 PM: INFO - Ready for command...
09/29/2019 12:13:20 PM: DEBUG - Audio data = <speech_recognition.AudioData object at 0x7f9132a740b8>
09/29/2019 12:13:21 PM: DEBUG - Speech recognition result = ActionResult = [result = bruising English, status = 1, _language = None].
09/29/2019 12:13:21 PM: DEBUG - Text to be processed = bruising english
09/29/2019 12:13:21 PM: DEBUG - Text without special chars = bruising english
09/29/2019 12:13:21 PM: DEBUG - Text without target words = ['bruising', 'english']
09/29/2019 12:13:21 PM: DEBUG - Next command's id = None
09/29/2019 12:13:21 PM: DEBUG - Command for execution = {'command_id': '6dae42df-6029-4e47-8e5a-c435341e1108', 'service': None, 'method': 'set_language', 'has_args': True, 'arg_name': 'language_str', 'arg_type': 'str', 'need_input': False, 'process_input_text': False, 'input_processing_method': None, 'tag': None, 'setup_command': True, 'is_ready': True, 'previous_command_id': None, 'next_command_id': None, 'messages': {'success': {'en': 'Language is set successfully.', 'sr': 'Jезик је успешно постављен.'}, 'fail': {'en': 'I have some problems with language setting. Be kind to try again, speak clear and loud.', 'sr': 'Imam problema sa postavkom jezika. Budi ljubazan da probaš opet, govori jasno i glasno.'}}, 'descriptions': {'en': 'Set operating language of voice assistant.', 'sr': 'Поставља оперативни језик гласовног асистента.'}, 'arg': 'bruising english'}
09/29/2019 12:13:21 PM: DEBUG - Operating _language = en.
09/29/2019 12:13:21 PM: DEBUG - Setting wikipedia _language: en
09/29/2019 12:13:21 PM: DEBUG - Setting owm _language: en
09/29/2019 12:13:21 PM: DEBUG - Command resolver _language = en.
09/29/2019 12:13:21 PM: DEBUG - Text processor _language = en.
09/29/2019 12:13:21 PM: DEBUG - Message prefix = Language is set successfully.
09/29/2019 12:13:21 PM: DEBUG - pre-processing: <function tone_marks at 0x7f913c6bfd08>
09/29/2019 12:13:21 PM: DEBUG - pre-processing: <function end_of_line at 0x7f913c6d9510>
09/29/2019 12:13:21 PM: DEBUG - pre-processing: <function abbreviations at 0x7f913c6d9598>
09/29/2019 12:13:21 PM: DEBUG - pre-processing: <function word_sub at 0x7f913c6d9620>
09/29/2019 12:13:21 PM: DEBUG - text_parts: 1
09/29/2019 12:13:21 PM: DEBUG - payload-0: {'ie': 'UTF-8', 'q': 'Language is set successfully.', 'tl': 'en', 'ttsspeed': 1, 'total': 1, 'idx': 0, 'client': 'tw-ob', 'textlen': 29, 'tk': '593579.1026529'}
09/29/2019 12:13:21 PM: DEBUG - Starting new HTTPS connection (1): translate.google.com:443
09/29/2019 12:13:21 PM: DEBUG - https://translate.google.com:443 "GET /translate_tts?ie=UTF-8&q=Language+is+set+successfully.&tl=en&ttsspeed=1&total=1&idx=0&client=tw-ob&textlen=29&tk=593579.1026529 HTTP/1.1" 200 8928
09/29/2019 12:13:21 PM: DEBUG - headers-0: {'User-Agent': 'Mozilla/5.0 (Windows NT 10.0; WOW64) AppleWebKit/537.36 (KHTML, like Gecko) Chrome/47.0.2526.106 Safari/537.36', 'Accept-Encoding': 'gzip, deflate', 'Accept': '*/*', 'Connection': 'keep-alive', 'Referer': 'http://translate.google.com/'}
09/29/2019 12:13:21 PM: DEBUG - url-0: https://translate.google.com/translate_tts?ie=UTF-8&q=Language+is+set+successfully.&tl=en&ttsspeed=1&total=1&idx=0&client=tw-ob&textlen=29&tk=593579.1026529
09/29/2019 12:13:21 PM: DEBUG - status-0: 200
09/29/2019 12:13:21 PM: DEBUG - part-0 written to <_io.BufferedWriter name='data/audio/1569752001.227442.mp3'>
09/29/2019 12:13:21 PM: DEBUG - Saved to data/audio/1569752001.227442.mp3
09/29/2019 12:13:23 PM: DEBUG - Output message = 
09/29/2019 12:13:23 PM: INFO - Ready for command...
09/29/2019 12:13:26 PM: DEBUG - Audio data = <speech_recognition.AudioData object at 0x7f91358de278>
09/29/2019 12:13:27 PM: DEBUG - Speech recognition result = ActionResult = [result = you're free to go, status = 1, _language = None].
09/29/2019 12:13:27 PM: DEBUG - Text to be processed = you're free to go
09/29/2019 12:13:27 PM: DEBUG - Text without special chars = youre free to go
09/29/2019 12:13:27 PM: DEBUG - Text without target words = ['youre', 'free', 'go']
09/29/2019 12:13:27 PM: DEBUG - Calculating commands scores...
09/29/2019 12:13:27 PM: DEBUG - Next command's id = None
09/29/2019 12:13:27 PM: DEBUG - Command for execution = {'command_id': '86735906-5a6b-42fd-9ee0-d8f93b1b8ed9', 'service': None, 'method': 'finalize', 'has_args': False, 'arg_name': None, 'arg_type': None, 'need_input': False, 'process_input_text': False, 'input_processing_method': None, 'tag': 'final', 'setup_command': True, 'is_ready': True, 'previous_command_id': None, 'next_command_id': None, 'messages': {'success': {'en': "Ok, I'm going off now. I hope so you enjoyed. See ya next time.!", 'sr': 'U redu, ja se povlačim sada. Nadam se da si uživao. Do narednog viđenja!'}, 'fail': {'en': "I'm sorry, but some internal error occurred that cannot be handled at the moment. Try again or later if error happens again!", 'sr': 'Nаžalost, došlo je do neke greške koju ne mogu trenutno da rešim. Probaj ponovo ili kasnije ukoliko to ne prođe!'}}, 'descriptions': {'en': 'Final command.', 'sr': 'Finalna komanda.'}}
09/29/2019 12:13:27 PM: DEBUG - pre-processing: <function tone_marks at 0x7f913c6bfd08>
09/29/2019 12:13:27 PM: DEBUG - pre-processing: <function end_of_line at 0x7f913c6d9510>
09/29/2019 12:13:27 PM: DEBUG - pre-processing: <function abbreviations at 0x7f913c6d9598>
09/29/2019 12:13:27 PM: DEBUG - pre-processing: <function word_sub at 0x7f913c6d9620>
09/29/2019 12:13:27 PM: DEBUG - text_parts: 1
09/29/2019 12:13:27 PM: DEBUG - payload-0: {'ie': 'UTF-8', 'q': "Ok, I'm going off now. I hope so you enjoyed. See ya next time.!", 'tl': 'en', 'ttsspeed': 1, 'total': 1, 'idx': 0, 'client': 'tw-ob', 'textlen': 64, 'tk': '459234.108200'}
09/29/2019 12:13:27 PM: DEBUG - Starting new HTTPS connection (1): translate.google.com:443
09/29/2019 12:13:27 PM: DEBUG - https://translate.google.com:443 "GET /translate_tts?ie=UTF-8&q=Ok%2C+I%27m+going+off+now.+I+hope+so+you+enjoyed.+See+ya+next+time.%21&tl=en&ttsspeed=1&total=1&idx=0&client=tw-ob&textlen=64&tk=459234.108200 HTTP/1.1" 200 24768
09/29/2019 12:13:28 PM: DEBUG - headers-0: {'User-Agent': 'Mozilla/5.0 (Windows NT 10.0; WOW64) AppleWebKit/537.36 (KHTML, like Gecko) Chrome/47.0.2526.106 Safari/537.36', 'Accept-Encoding': 'gzip, deflate', 'Accept': '*/*', 'Connection': 'keep-alive', 'Referer': 'http://translate.google.com/'}
09/29/2019 12:13:28 PM: DEBUG - url-0: https://translate.google.com/translate_tts?ie=UTF-8&q=Ok%2C+I%27m+going+off+now.+I+hope+so+you+enjoyed.+See+ya+next+time.%21&tl=en&ttsspeed=1&total=1&idx=0&client=tw-ob&textlen=64&tk=459234.108200
09/29/2019 12:13:28 PM: DEBUG - status-0: 200
09/29/2019 12:13:28 PM: DEBUG - part-0 written to <_io.BufferedWriter name='data/audio/1569752007.5732942.mp3'>
09/29/2019 12:13:28 PM: DEBUG - Saved to data/audio/1569752007.5732942.mp3
